Determining if the pthread_create exist failed with the following output:
Change Dir: /mnt/data2/students/sub1/ccc_v1_w_OIyD_190740/asn329241_1/asn329242_1/work/catkin_ws/build/CMakeFiles/CMakeTmp

Run Build Command:"/usr/bin/make" "cmTC_b3c68/fast"
/usr/bin/make -f CMakeFiles/cmTC_b3c68.dir/build.make CMakeFiles/cmTC_b3c68.dir/build
make[1]: Entering directory '/mnt/data2/students/sub1/ccc_v1_w_OIyD_190740/asn329241_1/asn329242_1/work/catkin_ws/build/CMakeFiles/CMakeTmp'
Building C object CMakeFiles/cmTC_b3c68.dir/CheckSymbolExists.c.o
/usr/bin/cc    -o CMakeFiles/cmTC_b3c68.dir/CheckSymbolExists.c.o   -c /mnt/data2/students/sub1/ccc_v1_w_OIyD_190740/asn329241_1/asn329242_1/work/catkin_ws/build/CMakeFiles/CMakeTmp/CheckSymbolExists.c
Linking C executable cmTC_b3c68
/usr/local/bin/cmake -E cmake_link_script CMakeFiles/cmTC_b3c68.dir/link.txt --verbose=1
/usr/bin/cc      -rdynamic CMakeFiles/cmTC_b3c68.dir/CheckSymbolExists.c.o  -o cmTC_b3c68 
CMakeFiles/cmTC_b3c68.dir/CheckSymbolExists.c.o: In function `main':
CheckSymbolExists.c:(.text+0x16): undefined reference to `pthread_create'
collect2: error: ld returned 1 exit status
CMakeFiles/cmTC_b3c68.dir/build.make:97: recipe for target 'cmTC_b3c68' failed
make[1]: *** [cmTC_b3c68] Error 1
make[1]: Leaving directory '/mnt/data2/students/sub1/ccc_v1_w_OIyD_190740/asn329241_1/asn329242_1/work/catkin_ws/build/CMakeFiles/CMakeTmp'
Makefile:126: recipe for target 'cmTC_b3c68/fast' failed
make: *** [cmTC_b3c68/fast] Error 2

File /mnt/data2/students/sub1/ccc_v1_w_OIyD_190740/asn329241_1/asn329242_1/work/catkin_ws/build/CMakeFiles/CMakeTmp/CheckSymbolExists.c:
/* */
#include <pthread.h>

int main(int argc, char** argv)
{
  (void)argv;
#ifndef pthread_create
  return ((int*)(&pthread_create))[argc];
#else
  (void)argc;
  return 0;
#endif
}

Determining if the function pthread_create exists in the pthreads failed with the following output:
Change Dir: /mnt/data2/students/sub1/ccc_v1_w_OIyD_190740/asn329241_1/asn329242_1/work/catkin_ws/build/CMakeFiles/CMakeTmp

Run Build Command:"/usr/bin/make" "cmTC_a61bf/fast"
/usr/bin/make -f CMakeFiles/cmTC_a61bf.dir/build.make CMakeFiles/cmTC_a61bf.dir/build
make[1]: Entering directory '/mnt/data2/students/sub1/ccc_v1_w_OIyD_190740/asn329241_1/asn329242_1/work/catkin_ws/build/CMakeFiles/CMakeTmp'
Building C object CMakeFiles/cmTC_a61bf.dir/CheckFunctionExists.c.o
/usr/bin/cc   -DCHECK_FUNCTION_EXISTS=pthread_create   -o CMakeFiles/cmTC_a61bf.dir/CheckFunctionExists.c.o   -c /usr/local/share/cmake-3.8/Modules/CheckFunctionExists.c
Linking C executable cmTC_a61bf
/usr/local/bin/cmake -E cmake_link_script CMakeFiles/cmTC_a61bf.dir/link.txt --verbose=1
/usr/bin/cc  -DCHECK_FUNCTION_EXISTS=pthread_create    -rdynamic CMakeFiles/cmTC_a61bf.dir/CheckFunctionExists.c.o  -o cmTC_a61bf -lpthreads 
/usr/bin/ld: cannot find -lpthreads
collect2: error: ld returned 1 exit status
CMakeFiles/cmTC_a61bf.dir/build.make:97: recipe for target 'cmTC_a61bf' failed
make[1]: *** [cmTC_a61bf] Error 1
make[1]: Leaving directory '/mnt/data2/students/sub1/ccc_v1_w_OIyD_190740/asn329241_1/asn329242_1/work/catkin_ws/build/CMakeFiles/CMakeTmp'
Makefile:126: recipe for target 'cmTC_a61bf/fast' failed
make: *** [cmTC_a61bf/fast] Error 2


