[rospy.client][INFO] 2021-02-12 16:30:02,699: init_node, name[/two_int_talker_2579_1613176202651], pid[2579]
[xmlrpc][INFO] 2021-02-12 16:30:02,700: XML-RPC server binding to 0.0.0.0:0
[xmlrpc][INFO] 2021-02-12 16:30:02,708: Started XML-RPC server [http://ip-172-31-17-9:43152/]
[rospy.init][INFO] 2021-02-12 16:30:02,708: ROS Slave URI: [http://ip-172-31-17-9:43152/]
[rospy.impl.masterslave][INFO] 2021-02-12 16:30:02,712: _ready: http://ip-172-31-17-9:43152/
[xmlrpc][INFO] 2021-02-12 16:30:02,720: xml rpc node: starting XML-RPC server
[rospy.registration][INFO] 2021-02-12 16:30:02,720: Registering with master node http://localhost:40963
[rospy.registration][INFO] 2021-02-12 16:30:02,729: Registering publisher topic [/two_ints] type [project1_solution/TwoInts] with master
[rospy.init][INFO] 2021-02-12 16:30:02,816: registered with master
[rospy.rosout][INFO] 2021-02-12 16:30:02,820: initializing /rosout core topic
[rospy.rosout][INFO] 2021-02-12 16:30:02,832: connected to core topic /rosout
[rospy.simtime][INFO] 2021-02-12 16:30:02,837: /use_sim_time is not set, will not subscribe to simulated time [/clock] topic
[rospy.internal][INFO] 2021-02-12 16:30:03,042: topic[/rosout] adding connection to [/rosout], count 0
[rospy.internal][INFO] 2021-02-12 16:31:14,112: topic[/two_ints] adding connection to [/solution], count 0
[rospy.internal][INFO] 2021-02-12 16:31:33,676: topic[/two_ints] adding connection to [/solution], count 1
[rospy.internal][INFO] 2021-02-12 16:31:33,679: topic[/two_ints] removing connection to /solution
[rospy.internal][INFO] 2021-02-12 16:31:33,776: topic[/two_ints] removing connection to /solution
[rospy.internal][INFO] 2021-02-12 16:34:44,277: topic[/two_ints] adding connection to [/solution], count 0
[rospy.internal][INFO] 2021-02-12 16:34:56,852: topic[/two_ints] removing connection to /solution
[rosout][WARNING] 2021-02-12 16:34:56,904: Inbound TCP/IP connection failed: connection from sender terminated before handshake header received. 0 bytes were received. Please check sender for additional details.
[rospy.internal][ERROR] 2021-02-12 16:34:56,909: Inbound TCP/IP connection failed:
Traceback (most recent call last):
  File "/opt/ros/kinetic/lib/python2.7/dist-packages/rospy/impl/tcpros_base.py", line 321, in _tcp_server_callback
    header = read_ros_handshake_header(sock, StringIO(), buff_size)
  File "/opt/ros/kinetic/lib/python2.7/dist-packages/rosgraph/network.py", line 364, in read_ros_handshake_header
    raise ROSHandshakeException("connection from sender terminated before handshake header received. %s bytes were received. Please check sender for additional details."%b.tell())
ROSHandshakeException: connection from sender terminated before handshake header received. 0 bytes were received. Please check sender for additional details.

[rospy.internal][INFO] 2021-02-12 16:36:07,095: topic[/two_ints] adding connection to [/solution], count 0
[rospy.internal][INFO] 2021-02-12 16:36:21,568: topic[/two_ints] adding connection to [/solution], count 1
[rospy.internal][INFO] 2021-02-12 16:36:21,571: topic[/two_ints] removing connection to /solution
[rospy.internal][INFO] 2021-02-12 16:36:21,893: topic[/two_ints] removing connection to /solution
[rospy.internal][INFO] 2021-02-12 16:36:38,029: topic[/two_ints] adding connection to [/solution], count 0
[rospy.internal][INFO] 2021-02-12 16:38:43,944: topic[/two_ints] removing connection to /solution
[rospy.internal][INFO] 2021-02-12 16:38:46,337: topic[/two_ints] adding connection to [/solution], count 0
[rospy.internal][INFO] 2021-02-12 16:38:52,955: topic[/two_ints] removing connection to /solution
[rosout][WARNING] 2021-02-12 16:38:53,310: Inbound TCP/IP connection failed: connection from sender terminated before handshake header received. 0 bytes were received. Please check sender for additional details.
[rospy.internal][ERROR] 2021-02-12 16:38:53,314: Inbound TCP/IP connection failed:
Traceback (most recent call last):
  File "/opt/ros/kinetic/lib/python2.7/dist-packages/rospy/impl/tcpros_base.py", line 321, in _tcp_server_callback
    header = read_ros_handshake_header(sock, StringIO(), buff_size)
  File "/opt/ros/kinetic/lib/python2.7/dist-packages/rosgraph/network.py", line 364, in read_ros_handshake_header
    raise ROSHandshakeException("connection from sender terminated before handshake header received. %s bytes were received. Please check sender for additional details."%b.tell())
ROSHandshakeException: connection from sender terminated before handshake header received. 0 bytes were received. Please check sender for additional details.

[rospy.internal][INFO] 2021-02-12 16:41:31,275: topic[/two_ints] adding connection to [/solution], count 0
[rospy.internal][INFO] 2021-02-12 16:41:37,012: topic[/two_ints] removing connection to /solution
[rospy.internal][INFO] 2021-02-12 16:41:55,728: topic[/two_ints] adding connection to [/solution], count 0
[rospy.internal][INFO] 2021-02-12 16:42:02,522: topic[/two_ints] removing connection to /solution
[rosout][WARNING] 2021-02-12 16:42:02,850: Inbound TCP/IP connection failed: connection from sender terminated before handshake header received. 0 bytes were received. Please check sender for additional details.
[rospy.internal][ERROR] 2021-02-12 16:42:02,854: Inbound TCP/IP connection failed:
Traceback (most recent call last):
  File "/opt/ros/kinetic/lib/python2.7/dist-packages/rospy/impl/tcpros_base.py", line 321, in _tcp_server_callback
    header = read_ros_handshake_header(sock, StringIO(), buff_size)
  File "/opt/ros/kinetic/lib/python2.7/dist-packages/rosgraph/network.py", line 364, in read_ros_handshake_header
    raise ROSHandshakeException("connection from sender terminated before handshake header received. %s bytes were received. Please check sender for additional details."%b.tell())
ROSHandshakeException: connection from sender terminated before handshake header received. 0 bytes were received. Please check sender for additional details.

[rospy.internal][INFO] 2021-02-12 16:44:01,146: topic[/two_ints] adding connection to [/solution], count 0
[rospy.internal][INFO] 2021-02-12 16:44:07,568: topic[/two_ints] removing connection to /solution
[rosout][WARNING] 2021-02-12 16:44:07,896: Inbound TCP/IP connection failed: connection from sender terminated before handshake header received. 0 bytes were received. Please check sender for additional details.
[rospy.internal][ERROR] 2021-02-12 16:44:07,900: Inbound TCP/IP connection failed:
Traceback (most recent call last):
  File "/opt/ros/kinetic/lib/python2.7/dist-packages/rospy/impl/tcpros_base.py", line 321, in _tcp_server_callback
    header = read_ros_handshake_header(sock, StringIO(), buff_size)
  File "/opt/ros/kinetic/lib/python2.7/dist-packages/rosgraph/network.py", line 364, in read_ros_handshake_header
    raise ROSHandshakeException("connection from sender terminated before handshake header received. %s bytes were received. Please check sender for additional details."%b.tell())
ROSHandshakeException: connection from sender terminated before handshake header received. 0 bytes were received. Please check sender for additional details.

[rospy.internal][INFO] 2021-02-12 16:47:40,741: topic[/two_ints] adding connection to [/solution], count 0
[rospy.internal][INFO] 2021-02-12 16:47:46,159: topic[/two_ints] removing connection to /solution
[rospy.internal][INFO] 2021-02-12 16:48:22,030: topic[/two_ints] adding connection to [/solution], count 0
[rospy.internal][INFO] 2021-02-12 16:49:24,370: topic[/two_ints] adding connection to [/solution], count 1
[rospy.internal][INFO] 2021-02-12 16:49:24,371: topic[/two_ints] removing connection to /solution
[rospy.internal][INFO] 2021-02-12 16:49:37,707: topic[/two_ints] removing connection to /solution
[rosout][WARNING] 2021-02-12 16:49:37,815: Inbound TCP/IP connection failed: connection from sender terminated before handshake header received. 0 bytes were received. Please check sender for additional details.
[rospy.internal][ERROR] 2021-02-12 16:49:37,820: Inbound TCP/IP connection failed:
Traceback (most recent call last):
  File "/opt/ros/kinetic/lib/python2.7/dist-packages/rospy/impl/tcpros_base.py", line 321, in _tcp_server_callback
    header = read_ros_handshake_header(sock, StringIO(), buff_size)
  File "/opt/ros/kinetic/lib/python2.7/dist-packages/rosgraph/network.py", line 364, in read_ros_handshake_header
    raise ROSHandshakeException("connection from sender terminated before handshake header received. %s bytes were received. Please check sender for additional details."%b.tell())
ROSHandshakeException: connection from sender terminated before handshake header received. 0 bytes were received. Please check sender for additional details.

[rospy.core][INFO] 2021-02-12 21:28:47,129: signal_shutdown [signal-15]
[rospy.registration][WARNING] 2021-02-12 21:28:47,131: cannot unregister with master due to network issues
[rospy.internal][INFO] 2021-02-12 21:28:47,137: topic[/rosout] removing connection to /rosout
[rospy.impl.masterslave][INFO] 2021-02-12 21:28:47,141: signal-15
[rospy.core][INFO] 2021-02-12 21:28:47,210: signal_shutdown [signal-15]
[rospy.core][INFO] 2021-02-12 21:28:47,211: signal_shutdown [atexit]
