[rosmaster.main][INFO] 2021-02-17 15:49:39,327: initialization complete, waiting for shutdown
[rosmaster.main][INFO] 2021-02-17 15:49:39,327: Starting ROS Master Node
[xmlrpc][INFO] 2021-02-17 15:49:39,332: XML-RPC server binding to 0.0.0.0:34534
[xmlrpc][INFO] 2021-02-17 15:49:39,336: Started XML-RPC server [http://ip-172-31-22-195:34534/]
[rosmaster.master][INFO] 2021-02-17 15:49:39,336: Master initialized: port[34534], uri[http://ip-172-31-22-195:34534/]
[xmlrpc][INFO] 2021-02-17 15:49:39,340: xml rpc node: starting XML-RPC server
[rosmaster.master][INFO] 2021-02-17 15:49:39,348: +PUB [/rosout] /tf2_web_republisher http://ip-172-31-22-195:37952/
[rosmaster.master][INFO] 2021-02-17 15:49:39,353: +SERVICE [/tf2_web_republisher/get_loggers] /tf2_web_republisher http://ip-172-31-22-195:37952/
[rosmaster.master][INFO] 2021-02-17 15:49:39,358: +SERVICE [/tf2_web_republisher/set_logger_level] /tf2_web_republisher http://ip-172-31-22-195:37952/
[rosmaster.master][INFO] 2021-02-17 15:49:39,366: +SUB [/tf] /tf2_web_republisher http://ip-172-31-22-195:37952/
[rosmaster.master][INFO] 2021-02-17 15:49:39,373: +SUB [/tf_static] /tf2_web_republisher http://ip-172-31-22-195:37952/
[rosmaster.master][INFO] 2021-02-17 15:49:39,378: +SERVICE [/republish_tfs] /tf2_web_republisher http://ip-172-31-22-195:37952/
[rosmaster.master][INFO] 2021-02-17 15:49:39,383: +PUB [/tf2_web_republisher/result] /tf2_web_republisher http://ip-172-31-22-195:37952/
[rosmaster.master][INFO] 2021-02-17 15:49:39,388: +PUB [/tf2_web_republisher/feedback] /tf2_web_republisher http://ip-172-31-22-195:37952/
[rosmaster.master][INFO] 2021-02-17 15:49:39,393: +PUB [/tf2_web_republisher/status] /tf2_web_republisher http://ip-172-31-22-195:37952/
[rosmaster.master][INFO] 2021-02-17 15:49:39,403: +SUB [/tf2_web_republisher/goal] /tf2_web_republisher http://ip-172-31-22-195:37952/
[rosmaster.master][INFO] 2021-02-17 15:49:39,405: +PARAM [/run_id] by /roslaunch
[rosmaster.master][INFO] 2021-02-17 15:49:39,410: +SUB [/tf2_web_republisher/cancel] /tf2_web_republisher http://ip-172-31-22-195:37952/
[rosmaster.master][INFO] 2021-02-17 15:49:39,417: +PARAM [/roslaunch/uris/host_ip_172_31_22_195__35663] by /roslaunch
[rosmaster.master][INFO] 2021-02-17 15:49:39,509: +SERVICE [/rosout/get_loggers] /rosout http://ip-172-31-22-195:44384/
[rosmaster.master][INFO] 2021-02-17 15:49:39,512: +PARAM [/rosversion] by /roslaunch
[rosmaster.master][INFO] 2021-02-17 15:49:39,516: +SERVICE [/rosout/set_logger_level] /rosout http://ip-172-31-22-195:44384/
[rosmaster.master][INFO] 2021-02-17 15:49:39,520: +PARAM [/rosdistro] by /roslaunch
[rosmaster.master][INFO] 2021-02-17 15:49:39,529: +PUB [/rosout_agg] /rosout http://ip-172-31-22-195:44384/
[rosmaster.master][INFO] 2021-02-17 15:49:39,540: +SUB [/rosout] /rosout http://ip-172-31-22-195:44384/
[rosmaster.master][INFO] 2021-02-17 15:49:40,698: +PUB [/rosout] /marker_publisher http://ip-172-31-22-195:45262/
[rosmaster.master][INFO] 2021-02-17 15:49:40,699: +SERVICE [/marker_publisher/get_loggers] /marker_publisher http://ip-172-31-22-195:45262/
[rosmaster.master][INFO] 2021-02-17 15:49:40,703: +SERVICE [/marker_publisher/set_logger_level] /marker_publisher http://ip-172-31-22-195:45262/
[rosmaster.master][INFO] 2021-02-17 15:49:40,713: +PUB [/visualization_marker] /marker_publisher http://ip-172-31-22-195:45262/
[rosmaster.master][INFO] 2021-02-17 15:49:40,733: publisherUpdate[/rosout] -> http://ip-172-31-22-195:44384/ ['http://ip-172-31-22-195:37952/', 'http://ip-172-31-22-195:45262/']
[rosmaster.master][INFO] 2021-02-17 15:49:40,739: publisherUpdate[/rosout] -> http://ip-172-31-22-195:44384/ ['http://ip-172-31-22-195:37952/', 'http://ip-172-31-22-195:45262/']: sec=0.00, result=[1, '', 0]
[rosmaster.master][INFO] 2021-02-17 15:49:41,341: +PARAM [/roslaunch/uris/host_ip_172_31_22_195__41020] by /roslaunch
[rosmaster.master][INFO] 2021-02-17 15:49:41,351: +PARAM [/rosbridge_websocket/unregister_timeout] by /roslaunch
[rosmaster.master][INFO] 2021-02-17 15:49:41,355: +PARAM [/rosbridge_websocket/port] by /roslaunch
[rosmaster.master][INFO] 2021-02-17 15:49:41,359: +PARAM [/rosdistro] by /roslaunch
[rosmaster.master][INFO] 2021-02-17 15:49:41,362: +PARAM [/rosbridge_websocket/fragment_timeout] by /roslaunch
[rosmaster.master][INFO] 2021-02-17 15:49:41,366: +PARAM [/rosbridge_websocket/bson_only_mode] by /roslaunch
[rosmaster.master][INFO] 2021-02-17 15:49:41,370: +PARAM [/rosbridge_websocket/delay_between_messages] by /roslaunch
[rosmaster.master][INFO] 2021-02-17 15:49:41,380: +PARAM [/rosversion] by /roslaunch
[rosmaster.master][INFO] 2021-02-17 15:49:41,388: +PARAM [/rosbridge_websocket/topics_glob] by /roslaunch
[rosmaster.master][INFO] 2021-02-17 15:49:41,392: +PARAM [/rosbridge_websocket/authenticate] by /roslaunch
[rosmaster.master][INFO] 2021-02-17 15:49:41,396: +PARAM [/rosbridge_websocket/params_glob] by /roslaunch
[rosmaster.master][INFO] 2021-02-17 15:49:41,399: +PARAM [/rosapi/params_glob] by /roslaunch
[rosmaster.master][INFO] 2021-02-17 15:49:41,403: +PARAM [/rosapi/services_glob] by /roslaunch
[rosmaster.master][INFO] 2021-02-17 15:49:41,406: +PARAM [/rosbridge_websocket/retry_startup_delay] by /roslaunch
[rosmaster.master][INFO] 2021-02-17 15:49:41,410: +PARAM [/rosbridge_websocket/services_glob] by /roslaunch
[rosmaster.master][INFO] 2021-02-17 15:49:41,414: +PARAM [/rosbridge_websocket/address] by /roslaunch
[rosmaster.master][INFO] 2021-02-17 15:49:41,417: +PARAM [/rosapi/topics_glob] by /roslaunch
[rosmaster.master][INFO] 2021-02-17 15:49:41,421: +PARAM [/rosbridge_websocket/use_compression] by /roslaunch
[rosmaster.master][INFO] 2021-02-17 15:49:41,424: +PARAM [/rosbridge_websocket/max_message_size] by /roslaunch
[rosmaster.master][INFO] 2021-02-17 15:49:41,864: +PUB [/rosout] /rosapi http://ip-172-31-22-195:36419/
[rosmaster.master][INFO] 2021-02-17 15:49:41,869: +PUB [/rosout] /rosbridge_websocket http://ip-172-31-22-195:34358/
[rosmaster.master][INFO] 2021-02-17 15:49:41,886: +SERVICE [/rosapi/get_loggers] /rosapi http://ip-172-31-22-195:36419/
[rosmaster.master][INFO] 2021-02-17 15:49:41,891: +SERVICE [/rosbridge_websocket/get_loggers] /rosbridge_websocket http://ip-172-31-22-195:34358/
[rosmaster.master][INFO] 2021-02-17 15:49:41,895: +SERVICE [/rosapi/set_logger_level] /rosapi http://ip-172-31-22-195:36419/
[rosmaster.master][INFO] 2021-02-17 15:49:41,899: +SERVICE [/rosbridge_websocket/set_logger_level] /rosbridge_websocket http://ip-172-31-22-195:34358/
[rosmaster.master][INFO] 2021-02-17 15:49:41,903: +SERVICE [/rosapi/topics] /rosapi http://ip-172-31-22-195:36419/
[rosmaster.master][INFO] 2021-02-17 15:49:41,908: +SERVICE [/rosapi/topics_for_type] /rosapi http://ip-172-31-22-195:36419/
[rosmaster.master][INFO] 2021-02-17 15:49:41,915: +PUB [/client_count] /rosbridge_websocket http://ip-172-31-22-195:34358/
[rosmaster.master][INFO] 2021-02-17 15:49:41,919: +SERVICE [/rosapi/services] /rosapi http://ip-172-31-22-195:36419/
[rosmaster.master][INFO] 2021-02-17 15:49:41,924: +PUB [/connected_clients] /rosbridge_websocket http://ip-172-31-22-195:34358/
[rosmaster.master][INFO] 2021-02-17 15:49:41,929: +SERVICE [/rosapi/services_for_type] /rosapi http://ip-172-31-22-195:36419/
[rosmaster.master][INFO] 2021-02-17 15:49:41,934: +SERVICE [/rosapi/nodes] /rosapi http://ip-172-31-22-195:36419/
[rosmaster.master][INFO] 2021-02-17 15:49:41,935: publisherUpdate[/rosout] -> http://ip-172-31-22-195:44384/ ['http://ip-172-31-22-195:37952/', 'http://ip-172-31-22-195:45262/', 'http://ip-172-31-22-195:36419/']
[rosmaster.master][INFO] 2021-02-17 15:49:41,940: +SERVICE [/rosapi/node_details] /rosapi http://ip-172-31-22-195:36419/
[rosmaster.master][INFO] 2021-02-17 15:49:41,944: publisherUpdate[/rosout] -> http://ip-172-31-22-195:44384/ ['http://ip-172-31-22-195:37952/', 'http://ip-172-31-22-195:45262/', 'http://ip-172-31-22-195:36419/']: sec=0.00, result=[1, '', 0]
[rosmaster.master][INFO] 2021-02-17 15:49:41,949: +SERVICE [/rosapi/action_servers] /rosapi http://ip-172-31-22-195:36419/
[rosmaster.master][INFO] 2021-02-17 15:49:41,952: publisherUpdate[/rosout] -> http://ip-172-31-22-195:44384/ ['http://ip-172-31-22-195:37952/', 'http://ip-172-31-22-195:45262/', 'http://ip-172-31-22-195:36419/', 'http://ip-172-31-22-195:34358/']
[rosmaster.master][INFO] 2021-02-17 15:49:41,957: +SERVICE [/rosapi/topic_type] /rosapi http://ip-172-31-22-195:36419/
[rosmaster.master][INFO] 2021-02-17 15:49:41,960: publisherUpdate[/rosout] -> http://ip-172-31-22-195:44384/ ['http://ip-172-31-22-195:37952/', 'http://ip-172-31-22-195:45262/', 'http://ip-172-31-22-195:36419/', 'http://ip-172-31-22-195:34358/']: sec=0.00, result=[1, '', 0]
[rosmaster.master][INFO] 2021-02-17 15:49:41,965: +SERVICE [/rosapi/service_type] /rosapi http://ip-172-31-22-195:36419/
[rosmaster.master][INFO] 2021-02-17 15:49:41,973: +SERVICE [/rosapi/publishers] /rosapi http://ip-172-31-22-195:36419/
[rosmaster.master][INFO] 2021-02-17 15:49:41,978: +SERVICE [/rosapi/subscribers] /rosapi http://ip-172-31-22-195:36419/
[rosmaster.master][INFO] 2021-02-17 15:49:41,982: +SERVICE [/rosapi/service_providers] /rosapi http://ip-172-31-22-195:36419/
[rosmaster.master][INFO] 2021-02-17 15:49:41,987: +SERVICE [/rosapi/service_node] /rosapi http://ip-172-31-22-195:36419/
[rosmaster.master][INFO] 2021-02-17 15:49:41,991: +SERVICE [/rosapi/service_host] /rosapi http://ip-172-31-22-195:36419/
[rosmaster.master][INFO] 2021-02-17 15:49:41,996: +SERVICE [/rosapi/message_details] /rosapi http://ip-172-31-22-195:36419/
[rosmaster.master][INFO] 2021-02-17 15:49:42,001: +SERVICE [/rosapi/service_request_details] /rosapi http://ip-172-31-22-195:36419/
[rosmaster.master][INFO] 2021-02-17 15:49:42,006: +SERVICE [/rosapi/service_response_details] /rosapi http://ip-172-31-22-195:36419/
[rosmaster.master][INFO] 2021-02-17 15:49:42,014: +SERVICE [/rosapi/set_param] /rosapi http://ip-172-31-22-195:36419/
[rosmaster.master][INFO] 2021-02-17 15:49:42,022: +SERVICE [/rosapi/get_param] /rosapi http://ip-172-31-22-195:36419/
[rosmaster.master][INFO] 2021-02-17 15:49:42,026: +SERVICE [/rosapi/has_param] /rosapi http://ip-172-31-22-195:36419/
[rosmaster.master][INFO] 2021-02-17 15:49:42,032: +SERVICE [/rosapi/search_param] /rosapi http://ip-172-31-22-195:36419/
[rosmaster.master][INFO] 2021-02-17 15:49:42,037: +SERVICE [/rosapi/delete_param] /rosapi http://ip-172-31-22-195:36419/
[rosmaster.master][INFO] 2021-02-17 15:49:42,042: +SERVICE [/rosapi/get_param_names] /rosapi http://ip-172-31-22-195:36419/
[rosmaster.master][INFO] 2021-02-17 15:49:42,047: +SERVICE [/rosapi/get_time] /rosapi http://ip-172-31-22-195:36419/
[rosmaster.master][INFO] 2021-02-17 16:49:04,239: -PUB [/rosout] /rosapi http://ip-172-31-22-195:36419/
[rosmaster.master][INFO] 2021-02-17 16:49:04,240: -SERVICE [/rosapi/get_loggers] /rosapi rosrpc://ip-172-31-22-195:36726
[rosmaster.master][INFO] 2021-02-17 16:49:04,244: -PUB [/client_count] /rosbridge_websocket http://ip-172-31-22-195:34358/
[rosmaster.master][INFO] 2021-02-17 16:49:04,252: -SERVICE [/rosapi/has_param] /rosapi rosrpc://ip-172-31-22-195:36726
[rosmaster.master][INFO] 2021-02-17 16:49:04,255: -PUB [/rosout] /rosbridge_websocket http://ip-172-31-22-195:34358/
[rosmaster.master][INFO] 2021-02-17 16:49:04,259: -SERVICE [/rosapi/delete_param] /rosapi rosrpc://ip-172-31-22-195:36726
[rosmaster.master][INFO] 2021-02-17 16:49:04,263: -PUB [/connected_clients] /rosbridge_websocket http://ip-172-31-22-195:34358/
[rosmaster.master][INFO] 2021-02-17 16:49:04,267: -SERVICE [/rosapi/search_param] /rosapi rosrpc://ip-172-31-22-195:36726
[rosmaster.master][INFO] 2021-02-17 16:49:04,271: -SERVICE [/rosbridge_websocket/set_logger_level] /rosbridge_websocket rosrpc://ip-172-31-22-195:46306
[rosmaster.master][INFO] 2021-02-17 16:49:04,278: -PUB [/rosout_agg] /rosout http://ip-172-31-22-195:44384/
[rosmaster.master][INFO] 2021-02-17 16:49:04,282: -SERVICE [/rosapi/action_servers] /rosapi rosrpc://ip-172-31-22-195:36726
[rosmaster.master][INFO] 2021-02-17 16:49:04,288: -SERVICE [/rosbridge_websocket/get_loggers] /rosbridge_websocket rosrpc://ip-172-31-22-195:46306
[rosmaster.master][INFO] 2021-02-17 16:49:04,292: -SUB [/rosout] /rosout http://ip-172-31-22-195:44384/
[rosmaster.master][INFO] 2021-02-17 16:49:04,299: -SERVICE [/rosapi/topic_type] /rosapi rosrpc://ip-172-31-22-195:36726
[rosmaster.master][INFO] 2021-02-17 16:49:04,303: -SERVICE [/rosout/get_loggers] /rosout rosrpc://ip-172-31-22-195:57048
[rosmaster.master][INFO] 2021-02-17 16:49:04,311: -SERVICE [/rosapi/subscribers] /rosapi rosrpc://ip-172-31-22-195:36726
[rosmaster.master][INFO] 2021-02-17 16:49:04,315: -SERVICE [/rosout/set_logger_level] /rosout rosrpc://ip-172-31-22-195:57048
[rosmaster.master][INFO] 2021-02-17 16:49:04,319: -SERVICE [/rosapi/set_logger_level] /rosapi rosrpc://ip-172-31-22-195:36726
[rosmaster.master][INFO] 2021-02-17 16:49:04,323: -SERVICE [/rosapi/service_response_details] /rosapi rosrpc://ip-172-31-22-195:36726
[rosmaster.master][INFO] 2021-02-17 16:49:04,328: -SERVICE [/rosapi/service_host] /rosapi rosrpc://ip-172-31-22-195:36726
[rosmaster.master][INFO] 2021-02-17 16:49:04,333: publisherUpdate[/rosout] -> http://ip-172-31-22-195:44384/ ['http://ip-172-31-22-195:37952/', 'http://ip-172-31-22-195:45262/', 'http://ip-172-31-22-195:34358/']
[rosmaster.master][INFO] 2021-02-17 16:49:04,335: -SERVICE [/rosapi/publishers] /rosapi rosrpc://ip-172-31-22-195:36726
[rosmaster.master][INFO] 2021-02-17 16:49:04,344: publisherUpdate[/rosout] -> http://ip-172-31-22-195:44384/ ['http://ip-172-31-22-195:37952/', 'http://ip-172-31-22-195:45262/', 'http://ip-172-31-22-195:34358/']: sec=0.00, exception=<Fault -1: 'publisherUpdate: unknown method name'>
[rosmaster.master][INFO] 2021-02-17 16:49:04,347: -SERVICE [/rosapi/topics] /rosapi rosrpc://ip-172-31-22-195:36726
[rosmaster.threadpool][ERROR] 2021-02-17 16:49:04,351: Traceback (most recent call last):
  File "/opt/ros/kinetic/lib/python2.7/dist-packages/rosmaster/threadpool.py", line 218, in run
    result = cmd(*args)
  File "/opt/ros/kinetic/lib/python2.7/dist-packages/rosmaster/master_api.py", line 210, in publisher_update_task
    ret = xmlrpcapi(api).publisherUpdate('/master', topic, pub_uris)
  File "/usr/lib/python2.7/xmlrpclib.py", line 1243, in __call__
    return self.__send(self.__name, args)
  File "/usr/lib/python2.7/xmlrpclib.py", line 1602, in __request
    verbose=self.__verbose
  File "/usr/lib/python2.7/xmlrpclib.py", line 1283, in request
    return self.single_request(host, handler, request_body, verbose)
  File "/usr/lib/python2.7/xmlrpclib.py", line 1316, in single_request
    return self.parse_response(response)
  File "/usr/lib/python2.7/xmlrpclib.py", line 1493, in parse_response
    return u.close()
  File "/usr/lib/python2.7/xmlrpclib.py", line 800, in close
    raise Fault(**self._stack[0])
Fault: <Fault -1: 'publisherUpdate: unknown method name'>

[rosmaster.master][INFO] 2021-02-17 16:49:04,354: -SERVICE [/rosapi/get_param_names] /rosapi rosrpc://ip-172-31-22-195:36726
[rosmaster.master][INFO] 2021-02-17 16:49:04,359: publisherUpdate[/rosout] -> http://ip-172-31-22-195:44384/ ['http://ip-172-31-22-195:37952/', 'http://ip-172-31-22-195:45262/']
[rosmaster.master][INFO] 2021-02-17 16:49:04,363: -SERVICE [/rosapi/get_time] /rosapi rosrpc://ip-172-31-22-195:36726
[rosmaster.master][INFO] 2021-02-17 16:49:04,368: publisherUpdate[/rosout] -> http://ip-172-31-22-195:44384/ ['http://ip-172-31-22-195:37952/', 'http://ip-172-31-22-195:45262/']: sec=0.00, exception=<Fault -1: 'publisherUpdate: unknown method name'>
[rosmaster.master][INFO] 2021-02-17 16:49:04,374: -SERVICE [/rosapi/message_details] /rosapi rosrpc://ip-172-31-22-195:36726
[rosmaster.threadpool][ERROR] 2021-02-17 16:49:04,377: Traceback (most recent call last):
  File "/opt/ros/kinetic/lib/python2.7/dist-packages/rosmaster/threadpool.py", line 218, in run
    result = cmd(*args)
  File "/opt/ros/kinetic/lib/python2.7/dist-packages/rosmaster/master_api.py", line 210, in publisher_update_task
    ret = xmlrpcapi(api).publisherUpdate('/master', topic, pub_uris)
  File "/usr/lib/python2.7/xmlrpclib.py", line 1243, in __call__
    return self.__send(self.__name, args)
  File "/usr/lib/python2.7/xmlrpclib.py", line 1602, in __request
    verbose=self.__verbose
  File "/usr/lib/python2.7/xmlrpclib.py", line 1283, in request
    return self.single_request(host, handler, request_body, verbose)
  File "/usr/lib/python2.7/xmlrpclib.py", line 1316, in single_request
    return self.parse_response(response)
  File "/usr/lib/python2.7/xmlrpclib.py", line 1493, in parse_response
    return u.close()
  File "/usr/lib/python2.7/xmlrpclib.py", line 800, in close
    raise Fault(**self._stack[0])
Fault: <Fault -1: 'publisherUpdate: unknown method name'>

[rosmaster.master][INFO] 2021-02-17 16:49:04,381: -SERVICE [/rosapi/services] /rosapi rosrpc://ip-172-31-22-195:36726
[rosmaster.master][INFO] 2021-02-17 16:49:04,389: -SERVICE [/rosapi/service_node] /rosapi rosrpc://ip-172-31-22-195:36726
[rosmaster.master][INFO] 2021-02-17 16:49:04,393: -SERVICE [/rosapi/services_for_type] /rosapi rosrpc://ip-172-31-22-195:36726
[rosmaster.master][INFO] 2021-02-17 16:49:04,397: -SERVICE [/rosapi/nodes] /rosapi rosrpc://ip-172-31-22-195:36726
[rosmaster.master][INFO] 2021-02-17 16:49:04,401: -SERVICE [/rosapi/node_details] /rosapi rosrpc://ip-172-31-22-195:36726
[rosmaster.master][INFO] 2021-02-17 16:49:04,405: -SERVICE [/rosapi/service_providers] /rosapi rosrpc://ip-172-31-22-195:36726
[rosmaster.master][INFO] 2021-02-17 16:49:04,409: -SERVICE [/rosapi/get_param] /rosapi rosrpc://ip-172-31-22-195:36726
[rosmaster.master][INFO] 2021-02-17 16:49:04,413: -SERVICE [/rosapi/topics_for_type] /rosapi rosrpc://ip-172-31-22-195:36726
[rosmaster.master][INFO] 2021-02-17 16:49:04,417: -SERVICE [/rosapi/set_param] /rosapi rosrpc://ip-172-31-22-195:36726
[rosmaster.master][INFO] 2021-02-17 16:49:04,421: -SERVICE [/rosapi/service_request_details] /rosapi rosrpc://ip-172-31-22-195:36726
[rosmaster.master][INFO] 2021-02-17 16:49:04,425: -SERVICE [/rosapi/service_type] /rosapi rosrpc://ip-172-31-22-195:36726
