[roslaunch][INFO] 2021-02-17 18:43:17,113: Checking log directory for disk usage. This may take awhile.
Press Ctrl-C to interrupt
[roslaunch][INFO] 2021-02-17 18:43:17,151: Done checking log file disk usage. Usage is <1GB.
[roslaunch][INFO] 2021-02-17 18:43:17,151: roslaunch starting with args ['roscore', '--core', '-p', '55709']
[roslaunch][INFO] 2021-02-17 18:43:17,157: roslaunch env is {'ROS_DISTRO': 'kinetic', 'ASNLIB': '/mnt/ro/data2/students/sub1/ddd_v1_s_Kpwx_586763/asn329243_2/asn329244_1/asnlib.0', 'LIB': '/mnt/ro/data2/students/sub1/ddd_v1_s_Kpwx_586763/lib', 'PKG_CONFIG_PATH': '/opt/ros/kinetic/lib/pkgconfig:/opt/ros/kinetic/lib/x86_64-linux-gnu/pkgconfig', 'ROSLISP_PACKAGE_DIRECTORIES': '', 'VOC_USERID': '1027140', 'LOGNAME': 'ccc_v1_w_OIyD_190740', 'USER': 'ccc_v1_w_OIyD_190740', 'ROS_NODE_PORT': '55709', 'HOME': '/mnt/data2/students/sub1/ccc_v1_w_OIyD_190740/asn329243_2/asn329244_1/work', 'PATH': '/opt/ros/kinetic/bin:/mnt/data2/students/sub1/ccc_v1_w_OIyD_190740/asn329243_2/asn329244_1/work/.local/bin:/home/datalib_rw/course25598/pkgs/bin:/usr/local/sbin:/usr/local/bin:/usr/sbin:/usr/bin:/sbin:/bin:/snap/bin:/home/local/bin:/mnt/ro/data2/students/sub1/ddd_v1_s_Kpwx_586763/lib:/mnt/ro/data2/students/sub1/ddd_v1_s_Kpwx_586763/asn329243_2/asn329244_1/asnlib.0:/home/vlibs:/mnt/ro/data2/students/sub1/ddd_v1_s_Kpwx_586763/lib/public/bin:.', 'VOC_PARTVERSION': '0', 'LD_LIBRARY_PATH': '/opt/ros/kinetic/lib:/opt/ros/kinetic/lib/x86_64-linux-gnu:/mnt/ro/data2/students/sub1/ddd_v1_s_Kpwx_586763/lib:/mnt/ro/data2/students/sub1/ddd_v1_s_Kpwx_586763/asn329243_2/asn329244_1/asnlib.0:/home/vlibs:/usr/local/lib/python3.5/dist-packages/pyscf/lib/deps/lib', 'LANG': 'en_US.UTF-8', 'TERM': 'xterm-256color', 'SHELL': '/bin/bash', 'ROS_LOG_FILENAME': '/mnt/data2/students/sub1/ccc_v1_w_OIyD_190740/asn329243_2/asn329244_1/work/.ros/log/05ffb580-7193-11eb-8785-06e1177ec627/roslaunch-ip-172-31-23-253-18605.log', 'HISTFILE': '/home/ccc_v1_w_OIyD_190740/.bash_history', 'SHLVL': '2', 'VOC_WORKAREA': '/mnt/data2/students/sub1/ccc_v1_w_OIyD_190740/asn329243_2/asn329244_1/work', 'VOC_COURSEID': '25598', 'PART1': '/mnt/ro/data2/students/sub1/ddd_v1_s_Kpwx_586763/asn329243_2/asn329244_1', 'VOC_SUBMISSION_COUNT': '3', 'PYTHONPATH': '/opt/ros/kinetic/lib/python2.7/dist-packages:/home/vlibs/python:/mnt/data2/students/sub1/ccc_v1_w_OIyD_190740/asn329243_2/asn329244_1/work/../resource/lib/publicdata:/mnt/data2/students/sub1/ccc_v1_w_OIyD_190740/asn329243_2/asn329244_1/work/.local/lib/python3.7/site-packages:/home/datalib_rw/course25598/pkgs/lib/python3.7/site-packages:/mnt/data2/students/sub1/ccc_v1_w_OIyD_190740/asn329243_2/asn329244_1/work/.local/lib/python3.6/site-packages:/home/datalib_rw/course25598/pkgs/lib/python3.6/site-packages:/mnt/data2/students/sub1/ccc_v1_w_OIyD_190740/asn329243_2/asn329244_1/work/.local/lib/python3.5/site-packages:/home/datalib_rw/course25598/pkgs/lib/python3.5/site-packages:/mnt/data2/students/sub1/ccc_v1_w_OIyD_190740/asn329243_2/asn329244_1/work/.local/lib/python2.7/site-packages:/home/datalib_rw/course25598/pkgs/lib/python2.7/site-packages', 'ROS_ETC_DIR': '/opt/ros/kinetic/etc/ros', 'SUDO_USER': 'root', 'USERNAME': 'ccc_v1_w_OIyD_190740', 'VOC_ASSIGNMENTID': '329243', 'CMAKE_PREFIX_PATH': '/opt/ros/kinetic', 'VOC_EMAIL_ID': 'simonar.adam@gmail.com', 'VOC_XFER_TOKEN': '581377629102714010271403292440602dd4243f08f2.97997898', 'VOC_PROXY_WRAPPER_PORT': '5100', 'SUDO_UID': '0', 'VOC_USER_EMAIL': 'simonar.adam@gmail.com', 'ROS_ROOT': '/opt/ros/kinetic/share/ros', 'OLD_HOME': '/home/ccc_v1_w_OIyD_190740', '_STDBUF_O': 'L', 'VOC_PROXY_TOKEN': '16554619231027140102714032924401602dd42441dfa6.96000469', 'ROS_PACKAGE_PATH': '/opt/ros/kinetic/share', 'VOC_LTI_USER_ID': '108e2d7bebf2bd78538ff5805cfb6e4a', '_': '/usr/bin/stdbuf', 'LD_PRELOAD': '/usr/lib/x86_64-linux-gnu/coreutils/libstdbuf.so', 'SUDO_COMMAND': "/bin/bash -c export OLD_HOME=/home/ccc_v1_w_OIyD_190740; echo 'if [ -e $OLD_HOME/.bashrc ]; then . $OLD_HOME/.bashrc; fi; cd $HOME; umask 0000; export HISTFILE=$OLD_HOME/.bash_history; if [ -e $HOME/.bash_history ]; then cat $HOME/.bash_history >> $OLD_HOME/.bash_history; mv -f $HOME/.bash_history $HOME/.bash_history.old; fi; export LIB=/mnt/ro/data2/students/sub1/ddd_v1_s_Kpwx_586763/lib;export ASNLIB=/mnt/ro/data2/students/sub1/ddd_v1_s_Kpwx_586763/asn329243_2/asn329244_1/asnlib.0;export VLIB=/home/vlibs;export LD_LIBRARY_PATH=${LD_LIBRARY_PATH:+$LD_LIBRARY_PATH:}/mnt/ro/data2/students/sub1/ddd_v1_s_Kpwx_586763/lib:/mnt/ro/data2/students/sub1/ddd_v1_s_Kpwx_586763/asn329243_2/asn329244_1/asnlib.0:/home/vlibs;export VOC_WORKAREA=/mnt/data2/students/sub1/ccc_v1_w_OIyD_190740/asn329243_2/asn329244_1/work;export PATH=${PATH:+$PATH:}/home/local/bin;export PYTHONPATH=${PYTHONPATH:+$PYTHONPATH:}/home/vlibs/python;export PYTHONPATH=${PYTHONPATH}:~/../resource/lib/publicdata;export LD_LIBRARY_PATH=${LD_LIBRARY_PATH:+$LD_LIBRARY_PATH:}/usr/local/lib/python3.5/dist-packages/pyscf/lib/deps/lib;export PATH=$HOME/.local/bin:/home/datalib_rw/course25598/pkgs/bin${PATH:+:$PATH};export PYTHONPATH=${PYTHONPATH:+$PYTHONPATH:}$HOME/.local/lib/python3.7/site-packages:/home/datalib_rw/course25598/pkgs/lib/python3.7/site-packages:$HOME/.local/lib/python3.6/site-packages:/home/datalib_rw/course25598/pkgs/lib/python3.6/site-packages:$HOME/.local/lib/python3.5/site-packages:/home/datalib_rw/course25598/pkgs/lib/python3.5/site-packages:$HOME/.local/lib/python2.7/site-packages:/home/datalib_rw/course25598/pkgs/lib/python2.7/site-packages;export VOC_PKG_DIR=/home/datalib_rw/course25598/pkgs;vocpipinstall2.7() { sav_pp=$PYTHONPATH; PYTHONPATH=/home/datalib_rw/course25598/pkgs/lib/python2.7/site-packages; sav_umask=`umask`; umask 0022; pip2.7 install --prefix $VOC_PKG_DIR $*; umask $sav_umask ; PYTHONPATH=$sav_pp;};vocpipinstall3.5() { sav_pp=$PYTHONPATH; PYTHONPATH=/home/datalib_rw/course25598/pkgs/lib/python3.5/site-packages; sav_umask=`umask`; umask 0022; pip3.5 install --prefix $VOC_PKG_DIR $*; umask $sav_umask ; PYTHONPATH=$sav_pp;};vocpipinstall3.6() { sav_pp=$PYTHONPATH; PYTHONPATH=/home/datalib_rw/course25598/pkgs/lib/python3.6/site-packages; sav_umask=`umask`; umask 0022; pip3.6 install --prefix $VOC_PKG_DIR $*; umask $sav_umask ; PYTHONPATH=$sav_pp;};vocpipinstall3.7() { sav_pp=$PYTHONPATH; PYTHONPATH=/home/datalib_rw/course25598/pkgs/lib/python3.7/site-packages; sav_umask=`umask`; umask 0022; pip3.7 install --prefix $VOC_PKG_DIR $*; umask $sav_umask ; PYTHONPATH=$sav_pp;};export VOC_USERID=1027140;export VOC_USER_EMAIL=simonar.adam@gmail.com;export VOC_EMAIL_ID=simonar.adam@gmail.com;export VOC_COURSEID=25598;export VOC_ASSIGNMENTID=329243;export VOC_PARTID=329244;export VOC_PARTVERSION=0;export VOC_LTI_USER_ID=108e2d7bebf2bd78538ff5805cfb6e4a;export VOC_SUBMISSION_COUNT=3;export PART1=/mnt/ro/data2/students/sub1/ddd_v1_s_Kpwx_586763/asn329243_2/asn329244_1;export PATH=${PATH:+$PATH:}/mnt/ro/data2/students/sub1/ddd_v1_s_Kpwx_586763/lib:/mnt/ro/data2/students/sub1/ddd_v1_s_Kpwx_586763/asn329243_2/asn329244_1/asnlib.0:/home/vlibs:/mnt/ro/data2/students/sub1/ddd_v1_s_Kpwx_586763/lib/public/bin:.; ulimit -t 600; ulimit -v 12582912; ulimit -f 1048576; ulimit -n 2048; ulimit -u 256;if [ -e $LIB/public/vocTerminalInit.sh ]; then . $LIB/public/vocTerminalInit.sh; fi;if [ -e $ASNLIB/public/vocTerminalInit.sh ]; then . $ASNLIB/public/vocTerminalInit.sh; fi;vocReleaseNotebook() { php $VLIB/php/nb_release.php $*; };export VOC_XFER_TOKEN=581377629102714010271403292440602dd4243f08f2.97997898;export VOC_PROXY_TOKEN=16554619231027140102714032924401602dd42441dfa6.96000469; export VOC_PROXY_ID=1027140_1027140_329244_0_1; export VOC_PROXY_WRAPPER_PORT=5100;' > $OLD_HOME/.termrc; export HOME=/mnt/data2/students/sub1/ccc_v1_w_OIyD_190740/asn329243_2/asn329244_1/work; bash --rcfile $OLD_HOME/.termrc -i", 'SUDO_GID': '0', 'OLDPWD': '/root', 'VLIB': '/home/vlibs', 'PWD': '/mnt/data2/students/sub1/ccc_v1_w_OIyD_190740/asn329243_2/asn329244_1/work', 'VOC_PROXY_ID': '1027140_1027140_329244_0_1', 'ROS_MASTER_URI': 'http://localhost:55709', 'ROS_VERSION': '1', 'MAIL': '/var/mail/ccc_v1_w_OIyD_190740', 'VOC_PKG_DIR': '/home/datalib_rw/course25598/pkgs', 'VOC_PARTID': '329244'}
[roslaunch][INFO] 2021-02-17 18:43:17,164: starting in server mode
[roslaunch.parent][INFO] 2021-02-17 18:43:17,170: starting roslaunch parent run
[roslaunch][INFO] 2021-02-17 18:43:17,176: loading roscore config file /opt/ros/kinetic/etc/ros/roscore.xml
[roslaunch][INFO] 2021-02-17 18:43:31,916: Added core node of type [rosout/rosout] in namespace [/]
[roslaunch.pmon][INFO] 2021-02-17 18:43:31,917: start_process_monitor: creating ProcessMonitor
[roslaunch.pmon][INFO] 2021-02-17 18:43:31,924: created process monitor <ProcessMonitor(ProcessMonitor-1, initial daemon)>
[roslaunch.pmon][INFO] 2021-02-17 18:43:31,929: start_process_monitor: ProcessMonitor started
[roslaunch.parent][INFO] 2021-02-17 18:43:31,935: starting parent XML-RPC server
[roslaunch.server][INFO] 2021-02-17 18:43:31,941: starting roslaunch XML-RPC server
[roslaunch.server][INFO] 2021-02-17 18:43:31,945: waiting for roslaunch XML-RPC server to initialize
[xmlrpc][INFO] 2021-02-17 18:43:31,945: XML-RPC server binding to 0.0.0.0:0
[xmlrpc][INFO] 2021-02-17 18:43:31,954: Started XML-RPC server [http://ip-172-31-23-253:40617/]
[xmlrpc][INFO] 2021-02-17 18:43:31,959: xml rpc node: starting XML-RPC server
[roslaunch][INFO] 2021-02-17 18:43:31,966: started roslaunch server http://ip-172-31-23-253:40617/
[roslaunch.parent][INFO] 2021-02-17 18:43:31,972: ... parent XML-RPC server started
[roslaunch][INFO] 2021-02-17 18:43:31,978: master.is_running[http://ip-172-31-23-253:55709/]
[roslaunch][INFO] 2021-02-17 18:43:31,984: auto-starting new master
[roslaunch][INFO] 2021-02-17 18:43:31,990: create_master_process: rosmaster, /opt/ros/kinetic/share/ros, 55709, 3, None
[roslaunch][INFO] 2021-02-17 18:43:31,995: process[master]: launching with args [['rosmaster', '--core', '-p', '55709', '-w', '3']]
[roslaunch.pmon][INFO] 2021-02-17 18:43:32,000: ProcessMonitor.register[master]
[roslaunch.pmon][INFO] 2021-02-17 18:43:32,013: ProcessMonitor.register[master] complete
[roslaunch][INFO] 2021-02-17 18:43:32,025: process[master]: starting os process
[roslaunch][INFO] 2021-02-17 18:43:32,033: process[master]: start w/ args [['rosmaster', '--core', '-p', '55709', '-w', '3', '__log:=/mnt/data2/students/sub1/ccc_v1_w_OIyD_190740/asn329243_2/asn329244_1/work/.ros/log/05ffb580-7193-11eb-8785-06e1177ec627/master.log']]
[roslaunch][INFO] 2021-02-17 18:43:32,045: process[master]: cwd will be [/mnt/data2/students/sub1/ccc_v1_w_OIyD_190740/asn329243_2/asn329244_1/work/.ros]
[roslaunch][INFO] 2021-02-17 18:43:32,057: process[master]: started with pid [19124]
[roslaunch][INFO] 2021-02-17 18:43:32,058: master.is_running[http://ip-172-31-23-253:55709/]
[roslaunch][INFO] 2021-02-17 18:43:32,163: master.is_running[http://ip-172-31-23-253:55709/]
[roslaunch][INFO] 2021-02-17 18:43:32,269: master.is_running[http://ip-172-31-23-253:55709/]
[roslaunch][INFO] 2021-02-17 18:43:32,276: master.is_running[http://ip-172-31-23-253:55709/]
[roslaunch][INFO] 2021-02-17 18:43:32,285: ROS_MASTER_URI=http://ip-172-31-23-253:55709/
[roslaunch][ERROR] 2021-02-17 18:43:32,292: run_id on parameter server does not match declared run_id: 0dbe8b20-7193-11eb-8785-06e1177ec627 vs 05ffb580-7193-11eb-8785-06e1177ec627
[roslaunch][ERROR] 2021-02-17 18:43:32,303: The traceback for the exception was written to the log file
[roslaunch][ERROR] 2021-02-17 18:43:32,314: Traceback (most recent call last):
  File "/opt/ros/kinetic/lib/python2.7/dist-packages/roslaunch/__init__.py", line 306, in main
    p.start()
  File "/opt/ros/kinetic/lib/python2.7/dist-packages/roslaunch/parent.py", line 279, in start
    self.runner.launch()
  File "/opt/ros/kinetic/lib/python2.7/dist-packages/roslaunch/launch.py", line 657, in launch
    self._setup()
  File "/opt/ros/kinetic/lib/python2.7/dist-packages/roslaunch/launch.py", line 632, in _setup
    launched = self._launch_master()
  File "/opt/ros/kinetic/lib/python2.7/dist-packages/roslaunch/launch.py", line 422, in _launch_master
    self._check_and_set_run_id(param_server, self.run_id)
  File "/opt/ros/kinetic/lib/python2.7/dist-packages/roslaunch/launch.py", line 455, in _check_and_set_run_id
    raise RLException("run_id on parameter server does not match declared run_id: %s vs %s"%(val, run_id))
RLException: run_id on parameter server does not match declared run_id: 0dbe8b20-7193-11eb-8785-06e1177ec627 vs 05ffb580-7193-11eb-8785-06e1177ec627

[roslaunch.pmon][INFO] 2021-02-17 18:43:32,324: ProcessMonitor.shutdown <ProcessMonitor(ProcessMonitor-1, started daemon 139716773345024)>
[roslaunch.pmon][INFO] 2021-02-17 18:43:32,430: ProcessMonitor._post_run <ProcessMonitor(ProcessMonitor-1, started daemon 139716773345024)>
[roslaunch.pmon][INFO] 2021-02-17 18:43:32,434: ProcessMonitor._post_run <ProcessMonitor(ProcessMonitor-1, started daemon 139716773345024)>: remaining procs are [<roslaunch.nodeprocess.LocalProcess object at 0x7f1258a51250>]
[roslaunch.pmon][INFO] 2021-02-17 18:43:32,441: ProcessMonitor exit: killing master
[roslaunch][INFO] 2021-02-17 18:43:32,453: [master] killing on exit
[roslaunch][INFO] 2021-02-17 18:43:32,483: process[master]: killing os process with pid[19124] pgid[19124]
[roslaunch][INFO] 2021-02-17 18:43:32,489: [master] sending SIGINT to pgid [19124]
[roslaunch][INFO] 2021-02-17 18:43:32,495: [master] sent SIGINT to pgid [19124]
[roslaunch][INFO] 2021-02-17 18:43:32,701: process[master]: SIGINT killed with return value 0
[roslaunch.pmon][INFO] 2021-02-17 18:43:32,706: ProcessMonitor exit: cleaning up data structures and signals
[roslaunch.pmon][INFO] 2021-02-17 18:43:32,710: ProcessMonitor exit: pmon has shutdown
[rospy.core][INFO] 2021-02-17 18:43:32,754: signal_shutdown [atexit]
