Determining if the pthread_create exist failed with the following output:
Change Dir: /mnt/data2/students/sub1/ccc_v1_w_OIyD_190740/asn329243_2/asn329244_1/work/catkin_ws/build/CMakeFiles/CMakeTmp

Run Build Command:"/usr/bin/make" "cmTC_58ffa/fast"
/usr/bin/make -f CMakeFiles/cmTC_58ffa.dir/build.make CMakeFiles/cmTC_58ffa.dir/build
make[1]: Entering directory '/mnt/data2/students/sub1/ccc_v1_w_OIyD_190740/asn329243_2/asn329244_1/work/catkin_ws/build/CMakeFiles/CMakeTmp'
Building C object CMakeFiles/cmTC_58ffa.dir/CheckSymbolExists.c.o
/usr/bin/cc    -o CMakeFiles/cmTC_58ffa.dir/CheckSymbolExists.c.o   -c /mnt/data2/students/sub1/ccc_v1_w_OIyD_190740/asn329243_2/asn329244_1/work/catkin_ws/build/CMakeFiles/CMakeTmp/CheckSymbolExists.c
Linking C executable cmTC_58ffa
/usr/local/bin/cmake -E cmake_link_script CMakeFiles/cmTC_58ffa.dir/link.txt --verbose=1
/usr/bin/cc      -rdynamic CMakeFiles/cmTC_58ffa.dir/CheckSymbolExists.c.o  -o cmTC_58ffa 
CMakeFiles/cmTC_58ffa.dir/CheckSymbolExists.c.o: In function `main':
CheckSymbolExists.c:(.text+0x16): undefined reference to `pthread_create'
collect2: error: ld returned 1 exit status
CMakeFiles/cmTC_58ffa.dir/build.make:97: recipe for target 'cmTC_58ffa' failed
make[1]: *** [cmTC_58ffa] Error 1
make[1]: Leaving directory '/mnt/data2/students/sub1/ccc_v1_w_OIyD_190740/asn329243_2/asn329244_1/work/catkin_ws/build/CMakeFiles/CMakeTmp'
Makefile:126: recipe for target 'cmTC_58ffa/fast' failed
make: *** [cmTC_58ffa/fast] Error 2

File /mnt/data2/students/sub1/ccc_v1_w_OIyD_190740/asn329243_2/asn329244_1/work/catkin_ws/build/CMakeFiles/CMakeTmp/CheckSymbolExists.c:
/* */
#include <pthread.h>

int main(int argc, char** argv)
{
  (void)argv;
#ifndef pthread_create
  return ((int*)(&pthread_create))[argc];
#else
  (void)argc;
  return 0;
#endif
}

Determining if the function pthread_create exists in the pthreads failed with the following output:
Change Dir: /mnt/data2/students/sub1/ccc_v1_w_OIyD_190740/asn329243_2/asn329244_1/work/catkin_ws/build/CMakeFiles/CMakeTmp

Run Build Command:"/usr/bin/make" "cmTC_be400/fast"
/usr/bin/make -f CMakeFiles/cmTC_be400.dir/build.make CMakeFiles/cmTC_be400.dir/build
make[1]: Entering directory '/mnt/data2/students/sub1/ccc_v1_w_OIyD_190740/asn329243_2/asn329244_1/work/catkin_ws/build/CMakeFiles/CMakeTmp'
Building C object CMakeFiles/cmTC_be400.dir/CheckFunctionExists.c.o
/usr/bin/cc   -DCHECK_FUNCTION_EXISTS=pthread_create   -o CMakeFiles/cmTC_be400.dir/CheckFunctionExists.c.o   -c /usr/local/share/cmake-3.8/Modules/CheckFunctionExists.c
Linking C executable cmTC_be400
/usr/local/bin/cmake -E cmake_link_script CMakeFiles/cmTC_be400.dir/link.txt --verbose=1
/usr/bin/cc  -DCHECK_FUNCTION_EXISTS=pthread_create    -rdynamic CMakeFiles/cmTC_be400.dir/CheckFunctionExists.c.o  -o cmTC_be400 -lpthreads 
/usr/bin/ld: cannot find -lpthreads
collect2: error: ld returned 1 exit status
CMakeFiles/cmTC_be400.dir/build.make:97: recipe for target 'cmTC_be400' failed
make[1]: *** [cmTC_be400] Error 1
make[1]: Leaving directory '/mnt/data2/students/sub1/ccc_v1_w_OIyD_190740/asn329243_2/asn329244_1/work/catkin_ws/build/CMakeFiles/CMakeTmp'
Makefile:126: recipe for target 'cmTC_be400/fast' failed
make: *** [cmTC_be400/fast] Error 2


